<?xml version="1.0" encoding="UTF-8"?>
<!-- Generated by org.testng.reporters.JUnitReportReporter -->
<testsuite skipped="0" hostname="DELL-PC" name="com.Test.VisasOfTheWorldHomePageTest" tests="1" failures="0" timestamp="14 Aug 2017 10:20:51 GMT" time="0.019" errors="0">
  <testcase name="getsum" time="0.019" classname="com.Test.VisasOfTheWorldHomePageTest"/>
</testsuite> <!-- com.Test.VisasOfTheWorldHomePageTest -->
